<?xml version="1.0" encoding="UTF-8"?>
<!-- Generated by org.testng.reporters.JUnitReportReporter -->
<testsuite hostname="DHARANI" failures="0" tests="1" name="testng.FileUploadSend" time="0.424" errors="0" timestamp="2023-10-25T16:46:39 IST" skipped="0">
  <testcase classname="testng.FileUploadSend" name="test1" time="0.424"/>
  <system-out/>
</testsuite> <!-- testng.FileUploadSend -->
