<?xml version="1.0" encoding="UTF-8"?>
<!-- Generated by org.testng.reporters.JUnitReportReporter -->
<testsuite hostname="DHARANI" failures="0" tests="1" name="testng.AmazonIn" time="23.327" errors="0" timestamp="2023-11-06T15:31:28 IST" skipped="0">
  <testcase classname="testng.AmazonIn" name="test" time="23.327"/>
  <system-out/>
</testsuite> <!-- testng.AmazonIn -->
