<?xml version="1.0" encoding="UTF-8"?>
<!-- Generated by org.testng.reporters.JUnitReportReporter -->
<testsuite hostname="DHARANI" failures="0" tests="1" name="testng.RobotFileUpload" time="10.460" errors="0" timestamp="2023-10-26T14:21:40 IST" skipped="0">
  <testcase classname="testng.RobotFileUpload" name="test1" time="10.460"/>
  <system-out/>
</testsuite> <!-- testng.RobotFileUpload -->
