<?xml version="1.0" encoding="UTF-8"?>
<!-- Generated by org.testng.reporters.JUnitReportReporter -->
<testsuite hostname="DHARANI" failures="0" tests="4" name="testng.TestNgDemo" time="0.035" errors="0" timestamp="2023-10-18T15:21:16 IST" skipped="0">
  <testcase classname="testng.TestNgDemo" name="ee" time="0.005"/>
  <system-out/>
  <testcase classname="testng.TestNgDemo" name="aa" time="0.014"/>
  <system-out/>
  <testcase classname="testng.TestNgDemo" name="dd" time="0.011"/>
  <system-out/>
  <testcase classname="testng.TestNgDemo" name="cc" time="0.005"/>
  <system-out/>
</testsuite> <!-- testng.TestNgDemo -->
