<?xml version="1.0" encoding="UTF-8"?>
<!-- Generated by org.testng.reporters.JUnitReportReporter -->
<testsuite hostname="DHARANI" failures="0" tests="1" name="testng.Bookingdatepicker" time="1.458" errors="0" timestamp="2023-10-31T15:52:00 IST" skipped="0">
  <testcase classname="testng.Bookingdatepicker" name="test" time="1.458"/>
  <system-out/>
</testsuite> <!-- testng.Bookingdatepicker -->
