<?xml version="1.0" encoding="UTF-8"?>
<!-- Generated by org.testng.reporters.JUnitReportReporter -->
<testsuite hostname="DHARANI" failures="0" tests="1" name="testng.ScrollDown" time="8.095" errors="0" timestamp="2023-11-07T14:37:10 IST" skipped="0">
  <testcase classname="testng.ScrollDown" name="test" time="8.095"/>
  <system-out/>
</testsuite> <!-- testng.ScrollDown -->
