<?xml version="1.0" encoding="UTF-8"?>
<!-- Generated by org.testng.reporters.JUnitReportReporter -->
<testsuite hostname="DHARANI" failures="0" tests="1" name="testng.AutoItFileUpload" time="11.273" errors="0" timestamp="2023-10-26T15:42:01 IST" skipped="0">
  <testcase classname="testng.AutoItFileUpload" name="test1" time="11.273"/>
  <system-out/>
</testsuite> <!-- testng.AutoItFileUpload -->
