<?xml version="1.0" encoding="UTF-8"?>
<!-- Generated by org.testng.reporters.JUnitReportReporter -->
<testsuite hostname="DHARANI" failures="0" tests="1" name="testng.DataDriven" time="7.787" errors="0" timestamp="2023-10-27T15:00:14 IST" skipped="0">
  <testcase classname="testng.DataDriven" name="fblogin" time="7.787"/>
  <system-out/>
</testsuite> <!-- testng.DataDriven -->
