<?xml version="1.0" encoding="UTF-8"?>
<!-- Generated by org.testng.reporters.JUnitReportReporter -->
<testsuite hostname="DHARANI" failures="0" tests="1" name="testng.ActionRediff" time="0.532" errors="0" timestamp="2023-10-19T14:59:50 IST" skipped="0">
  <testcase classname="testng.ActionRediff" name="rediff" time="0.532"/>
  <system-out/>
</testsuite> <!-- testng.ActionRediff -->
