<?xml version="1.0" encoding="UTF-8"?>
<!-- Generated by org.testng.reporters.JUnitReportReporter -->
<testsuite hostname="DHARANI" failures="0" tests="1" name="testng.RightClick" time="0.582" errors="0" timestamp="2023-10-20T14:52:55 IST" skipped="0">
  <testcase classname="testng.RightClick" name="rediff" time="0.582"/>
  <system-out/>
</testsuite> <!-- testng.RightClick -->
