<?xml version="1.0" encoding="UTF-8"?>
<!-- Generated by org.testng.reporters.JUnitReportReporter -->
<testsuite hostname="DHARANI" failures="0" tests="1" name="testng.DragDrop" time="1.270" errors="0" timestamp="2023-10-26T14:38:11 IST" skipped="0">
  <testcase classname="testng.DragDrop" name="dragAndDrop" time="1.270"/>
  <system-out/>
</testsuite> <!-- testng.DragDrop -->
