<?xml version="1.0" encoding="UTF-8"?>
<!-- Generated by org.testng.reporters.JUnitReportReporter -->
<testsuite hostname="DHARANI" failures="0" tests="1" name="testng.DatePicker" time="0.892" errors="0" timestamp="2023-11-01T10:30:47 IST" skipped="0">
  <testcase classname="testng.DatePicker" name="test" time="0.892"/>
  <system-out/>
</testsuite> <!-- testng.DatePicker -->
