<?xml version="1.0" encoding="UTF-8"?>
<!-- Generated by org.testng.reporters.JUnitReportReporter -->
<testsuite hostname="DHARANI" failures="0" tests="1" name="testng.ImplicitExplicitwait" time="2.979" errors="0" timestamp="2023-10-25T16:43:27 IST" skipped="0">
  <testcase classname="testng.ImplicitExplicitwait" name="text1" time="2.979"/>
  <system-out/>
</testsuite> <!-- testng.ImplicitExplicitwait -->
