<?xml version="1.0" encoding="UTF-8"?>
<!-- Generated by org.testng.reporters.JUnitReportReporter -->
<testsuite hostname="DHARANI" failures="0" tests="1" name="testng.BrowserPopup" time="3.085" errors="0" timestamp="2023-10-28T09:54:21 IST" skipped="0">
  <testcase classname="testng.BrowserPopup" name="browser" time="3.085"/>
  <system-out/>
</testsuite> <!-- testng.BrowserPopup -->
